[debug] [2022-11-22T02:05:59.990Z] ----------------------------------------------------------------------
[debug] [2022-11-22T02:05:59.992Z] Command:       /Users/nisrinekane/.nvm/versions/node/v16.4.0/bin/node /Users/nisrinekane/.nvm/versions/node/v14.16.0/bin/firebase init
[debug] [2022-11-22T02:05:59.992Z] CLI Version:   11.16.1
[debug] [2022-11-22T02:05:59.992Z] Platform:      darwin
[debug] [2022-11-22T02:05:59.992Z] Node Version:  v16.4.0
[debug] [2022-11-22T02:05:59.994Z] Time:          Mon Nov 21 2022 18:05:59 GMT-0800 (Pacific Standard Time)
[debug] [2022-11-22T02:05:59.994Z] ----------------------------------------------------------------------
[debug] 
[debug] [2022-11-22T02:06:00.000Z] > command requires scopes: ["email","openid","https://www.googleapis.com/auth/cloudplatformprojects.readonly","https://www.googleapis.com/auth/firebase","https://www.googleapis.com/auth/cloud-platform"]
[debug] [2022-11-22T02:06:00.000Z] > authorizing via signed-in user (jednane.nisrine@gmail.com)
[info] 
     ######## #### ########  ######## ########     ###     ######  ########
     ##        ##  ##     ## ##       ##     ##  ##   ##  ##       ##
     ######    ##  ########  ######   ########  #########  ######  ######
     ##        ##  ##    ##  ##       ##     ## ##     ##       ## ##
     ##       #### ##     ## ######## ########  ##     ##  ######  ########

You're about to initialize a Firebase project in this directory:

  /Users/nisrinekane/Desktop/coding_projects/react-portofolio-with-tailwind_copy

[info] 
=== Project Setup
[info] 
[info] First, let's associate this project directory with a Firebase project.
[info] You can create multiple project aliases by running firebase use --add, 
[info] but for now we'll just set up a default project.
[info] 
[info] i  If you want to create a project in a Google Cloud organization or folder, please use "firebase projects:create" instead, and return to this command when you've created the project. 
[debug] [2022-11-22T02:07:55.436Z] >>> [apiv2][query] POST https://cloudresourcemanager.googleapis.com/v1/projects [none]
[debug] [2022-11-22T02:07:55.437Z] >>> [apiv2][body] POST https://cloudresourcemanager.googleapis.com/v1/projects {"projectId":"react-project","name":"react-project"}
[debug] [2022-11-22T02:07:55.887Z] <<< [apiv2][status] POST https://cloudresourcemanager.googleapis.com/v1/projects 409
[debug] [2022-11-22T02:07:55.887Z] <<< [apiv2][body] POST https://cloudresourcemanager.googleapis.com/v1/projects {"error":{"code":409,"message":"Requested entity already exists","status":"ALREADY_EXISTS"}}
[debug] [2022-11-22T02:07:56.005Z] FirebaseError: HTTP Error: 409, Requested entity already exists
    at responseToError (/Users/nisrinekane/.nvm/versions/node/v14.16.0/lib/node_modules/firebase-tools/lib/responseToError.js:49:12)
    at RetryOperation._fn (/Users/nisrinekane/.nvm/versions/node/v14.16.0/lib/node_modules/firebase-tools/lib/apiv2.js:288:77)
    at processTicksAndRejections (node:internal/process/task_queues:96:5)
[error] 
[error] Error: Failed to create project because there is already a project with ID react-project. Please try again with a unique project ID.
[debug] [2022-11-22T02:08:30.214Z] ----------------------------------------------------------------------
[debug] [2022-11-22T02:08:30.216Z] Command:       /Users/nisrinekane/.nvm/versions/node/v16.4.0/bin/node /Users/nisrinekane/.nvm/versions/node/v14.16.0/bin/firebase init
[debug] [2022-11-22T02:08:30.216Z] CLI Version:   11.16.1
[debug] [2022-11-22T02:08:30.216Z] Platform:      darwin
[debug] [2022-11-22T02:08:30.216Z] Node Version:  v16.4.0
[debug] [2022-11-22T02:08:30.218Z] Time:          Mon Nov 21 2022 18:08:30 GMT-0800 (Pacific Standard Time)
[debug] [2022-11-22T02:08:30.218Z] ----------------------------------------------------------------------
[debug] 
[debug] [2022-11-22T02:08:30.223Z] > command requires scopes: ["email","openid","https://www.googleapis.com/auth/cloudplatformprojects.readonly","https://www.googleapis.com/auth/firebase","https://www.googleapis.com/auth/cloud-platform"]
[debug] [2022-11-22T02:08:30.224Z] > authorizing via signed-in user (jednane.nisrine@gmail.com)
[info] 
     ######## #### ########  ######## ########     ###     ######  ########
     ##        ##  ##     ## ##       ##     ##  ##   ##  ##       ##
     ######    ##  ########  ######   ########  #########  ######  ######
     ##        ##  ##    ##  ##       ##     ## ##     ##       ## ##
     ##       #### ##     ## ######## ########  ##     ##  ######  ########

You're about to initialize a Firebase project in this directory:

  /Users/nisrinekane/Desktop/coding_projects/react-portofolio-with-tailwind_copy

[info] 
=== Project Setup
[info] 
[info] First, let's associate this project directory with a Firebase project.
[info] You can create multiple project aliases by running firebase use --add, 
[info] but for now we'll just set up a default project.
[info] 
[debug] [2022-11-22T02:08:36.302Z] >>> [apiv2][query] GET https://firebase.googleapis.com/v1beta1/projects pageSize=100
[debug] [2022-11-22T02:08:36.753Z] <<< [apiv2][status] GET https://firebase.googleapis.com/v1beta1/projects 200
[debug] [2022-11-22T02:08:36.754Z] <<< [apiv2][body] GET https://firebase.googleapis.com/v1beta1/projects [omitted]
[info] i  Using project nisrine-portfolio (nisrine-porfolio) 
[info] 
=== Hosting Setup
[info] 
[info] Your public directory is the folder (relative to your project directory) that
[info] will contain Hosting assets to be uploaded with firebase deploy. If you
[info] have a build process for your assets, use your build's output directory.
[info] 
[debug] [2022-11-22T02:09:42.430Z] >>> [apiv2][query] GET https://www.gstatic.com/firebasejs/releases.json [none]
[debug] [2022-11-22T02:09:42.532Z] <<< [apiv2][status] GET https://www.gstatic.com/firebasejs/releases.json 200
[debug] [2022-11-22T02:09:42.533Z] <<< [apiv2][body] GET https://www.gstatic.com/firebasejs/releases.json {"current":{"version":"9.14.0","browserURL":"https://www.gstatic.com/firebasejs/9.14.0/firebase.js","packageURL":"https://www.gstatic.com/firebasejs/9.14.0/firebase.tgz"},"live":{"version":"9.14","browserURL":"https://www.gstatic.com/firebasejs/live/9.14/firebase.js","packageURL":"https://www.gstatic.com/firebasejs/live/9.14/firebase.tgz"},"components":{"analytics":"https://www.gstatic.com/firebasejs/9.14.0/firebase-analytics.js","app":"https://www.gstatic.com/firebasejs/9.14.0/firebase-app.js","app-check":"https://www.gstatic.com/firebasejs/9.14.0/firebase-app-check.js","auth":"https://www.gstatic.com/firebasejs/9.14.0/firebase-auth.js","auth/cordova":"https://www.gstatic.com/firebasejs/9.14.0/firebase-auth/cordova.js","auth/react-native":"https://www.gstatic.com/firebasejs/9.14.0/firebase-auth/react-native.js","functions":"https://www.gstatic.com/firebasejs/9.14.0/firebase-functions.js","firestore":"https://www.gstatic.com/firebasejs/9.14.0/firebase-firestore.js","firestore/lite":"https://www.gstatic.com/firebasejs/9.14.0/firebase-firestore/lite.js","installations":"https://www.gstatic.com/firebasejs/9.14.0/firebase-installations.js","storage":"https://www.gstatic.com/firebasejs/9.14.0/firebase-storage.js","performance":"https://www.gstatic.com/firebasejs/9.14.0/firebase-performance.js","remote-config":"https://www.gstatic.com/firebasejs/9.14.0/firebase-remote-config.js","messaging":"https://www.gstatic.com/firebasejs/9.14.0/firebase-messaging.js","messaging/sw":"https://www.gstatic.com/firebasejs/9.14.0/firebase-messaging/sw.js","database":"https://www.gstatic.com/firebasejs/9.14.0/firebase-database.js","firestore.memory":"https://www.gstatic.com/firebasejs/9.14.0/firebase-firestore.memory.js"}}
[info] ✔  Wrote build/index.html 
[info] 
[info] i  Detected a .git folder at /Users/nisrinekane/Desktop/coding_projects/react-portofolio-with-tailwind_copy 
[info] i  Authorizing with GitHub to upload your service account to a GitHub repository's secrets store. 
[info] 
[info] Visit this URL on this device to log in:
[info] https://github.com/login/oauth/authorize?client_id=89cf50f02ac6aaed3484&state=162467881&redirect_uri=http%3A%2F%2Flocalhost%3A9005&scope=read%3Auser%20repo%20public_repo
[info] 
[info] Waiting for authentication...
[debug] [2022-11-22T02:09:52.362Z] >>> [apiv2][query] POST https://github.com/login/oauth/access_token [none]
[debug] [2022-11-22T02:09:52.362Z] >>> [apiv2][body] POST https://github.com/login/oauth/access_token [stream]
[debug] [2022-11-22T02:09:52.726Z] <<< [apiv2][status] POST https://github.com/login/oauth/access_token 200
[debug] [2022-11-22T02:09:52.726Z] <<< [apiv2][body] POST https://github.com/login/oauth/access_token {"access_token":"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","token_type":"bearer","scope":"read:user,repo"}
[debug] [2022-11-22T02:09:52.740Z] >>> [apiv2][query] GET https://api.github.com/user [none]
[debug] [2022-11-22T02:09:53.219Z] <<< [apiv2][status] GET https://api.github.com/user 200
[debug] [2022-11-22T02:09:53.219Z] <<< [apiv2][body] GET https://api.github.com/user {"login":"nisrinekane","id":34342007,"node_id":"MDQ6VXNlcjM0MzQyMDA3","avatar_url":"https://avatars.githubusercontent.com/u/34342007?v=4","gravatar_id":"","url":"https://api.github.com/users/nisrinekane","html_url":"https://github.com/nisrinekane","followers_url":"https://api.github.com/users/nisrinekane/followers","following_url":"https://api.github.com/users/nisrinekane/following{/other_user}","gists_url":"https://api.github.com/users/nisrinekane/gists{/gist_id}","starred_url":"https://api.github.com/users/nisrinekane/starred{/owner}{/repo}","subscriptions_url":"https://api.github.com/users/nisrinekane/subscriptions","organizations_url":"https://api.github.com/users/nisrinekane/orgs","repos_url":"https://api.github.com/users/nisrinekane/repos","events_url":"https://api.github.com/users/nisrinekane/events{/privacy}","received_events_url":"https://api.github.com/users/nisrinekane/received_events","type":"User","site_admin":false,"name":"nisrine","company":null,"blog":"nisrinekane.com","location":"Los Angeles","email":null,"hireable":null,"bio":null,"twitter_username":null,"public_repos":123,"public_gists":0,"followers":10,"following":10,"created_at":"2017-12-07T13:02:55Z","updated_at":"2022-11-21T06:45:26Z","private_gists":0,"total_private_repos":62,"owned_private_repos":62,"disk_usage":59749,"collaborators":0,"two_factor_authentication":false,"plan":{"name":"free","space":976562499,"collaborators":0,"private_repos":10000}}
[info] 
[info] ✔  Success! Logged into GitHub as nisrinekane 
[info] 
